Flow report for ram
Sun Sep 05 21:42:33 2021
Quartus II Version 10.0 Build 218 06/27/2010 SJ Web Edition


---------------------
; Table of Contents ;
---------------------
  1. Legal Notice
  2. Flow Summary
  3. Flow Settings
  4. Flow Non-Default Global Settings
  5. Flow Elapsed Time
  6. Flow OS Summary
  7. Flow Log



----------------
; Legal Notice ;
----------------
Copyright (C) 1991-2010 Altera Corporation
Your use of Altera Corporation's design tools, logic functions 
and other software and tools, and its AMPP partner logic 
functions, and any output files from any of the foregoing 
(including device programming or simulation files), and any 
associated documentation or information are expressly subject 
to the terms and conditions of the Altera Program License 
Subscription Agreement, Altera MegaCore Function License 
Agreement, or other applicable license agreement, including, 
without limitation, that your use is for the sole purpose of 
programming logic devices manufactured by Altera and sold by 
Altera or its authorized distributors.  Please refer to the 
applicable agreement for further details.



+-------------------------------------------------------------------------------+
; Flow Summary                                                                  ;
+------------------------------------+------------------------------------------+
; Flow Status                        ; Successful - Sun Sep 05 21:42:33 2021    ;
; Quartus II Version                 ; 10.0 Build 218 06/27/2010 SJ Web Edition ;
; Revision Name                      ; ram                                      ;
; Top-level Entity Name              ; ram                                      ;
; Family                             ; Cyclone IV GX                            ;
; Met timing requirements            ; N/A                                      ;
; Total logic elements               ; 17 / 21,280 ( < 1 % )                    ;
;     Total combinational functions  ; 17 / 21,280 ( < 1 % )                    ;
;     Dedicated logic registers      ; 0 / 21,280 ( 0 % )                       ;
; Total registers                    ; 0                                        ;
; Total pins                         ; 51 / 167 ( 31 % )                        ;
; Total virtual pins                 ; 0                                        ;
; Total memory bits                  ; 256 / 774,144 ( < 1 % )                  ;
; Embedded Multiplier 9-bit elements ; 0 / 80 ( 0 % )                           ;
; Total GXB Receiver Channel PCS     ; 0 / 4 ( 0 % )                            ;
; Total GXB Receiver Channel PMA     ; 0 / 4 ( 0 % )                            ;
; Total GXB Transmitter Channel PCS  ; 0 / 4 ( 0 % )                            ;
; Total GXB Transmitter Channel PMA  ; 0 / 4 ( 0 % )                            ;
; Total PLLs                         ; 0 / 4 ( 0 % )                            ;
; Device                             ; EP4CGX22CF19C6                           ;
; Timing Models                      ; Preliminary                              ;
+------------------------------------+------------------------------------------+


+-----------------------------------------+
; Flow Settings                           ;
+-------------------+---------------------+
; Option            ; Setting             ;
+-------------------+---------------------+
; Start date & time ; 09/05/2021 21:42:10 ;
; Main task         ; Compilation         ;
; Revision Name     ; ram                 ;
+-------------------+---------------------+


+---------------------------------------------------------------------------------------------------------------------+
; Flow Non-Default Global Settings                                                                                    ;
+--------------------------------------+-------------------------------+---------------+-------------+----------------+
; Assignment Name                      ; Value                         ; Default Value ; Entity Name ; Section Id     ;
+--------------------------------------+-------------------------------+---------------+-------------+----------------+
; COMPILER_SIGNATURE_ID                ; 1099042759811.163088893003144 ; --            ; --          ; --             ;
; EDA_DESIGN_INSTANCE_NAME             ; NA                            ; --            ; --          ; ram_tb         ;
; EDA_NATIVELINK_SIMULATION_TEST_BENCH ; ram_tb                        ; --            ; --          ; eda_simulation ;
; EDA_OUTPUT_DATA_FORMAT               ; Vhdl                          ; --            ; --          ; eda_simulation ;
; EDA_RUN_TOOL_AUTOMATICALLY           ; On                            ; --            ; --          ; eda_simulation ;
; EDA_SIMULATION_TOOL                  ; ModelSim (VHDL)               ; <None>        ; --          ; --             ;
; EDA_TEST_BENCH_ENABLE_STATUS         ; TEST_BENCH_MODE               ; --            ; --          ; eda_simulation ;
; EDA_TEST_BENCH_FILE                  ; ram_tb.vhd                    ; --            ; --          ; ram_tb         ;
; EDA_TEST_BENCH_MODULE_NAME           ; ram_tb                        ; --            ; --          ; ram_tb         ;
; EDA_TEST_BENCH_NAME                  ; ram_tb                        ; --            ; --          ; eda_simulation ;
; PARTITION_COLOR                      ; 16764057                      ; --            ; --          ; Top            ;
; PARTITION_FITTER_PRESERVATION_LEVEL  ; PLACEMENT_AND_ROUTING         ; --            ; --          ; Top            ;
; PARTITION_NETLIST_TYPE               ; SOURCE                        ; --            ; --          ; Top            ;
; PROJECT_OUTPUT_DIRECTORY             ; output_files                  ; --            ; --          ; --             ;
; VHDL_INPUT_VERSION                   ; VHDL_2008                     ; VHDL_1993     ; --          ; --             ;
; VHDL_SHOW_LMF_MAPPING_MESSAGES       ; Off                           ; --            ; --          ; --             ;
+--------------------------------------+-------------------------------+---------------+-------------+----------------+


+-------------------------------------------------------------------------------------------------------------------------------+
; Flow Elapsed Time                                                                                                             ;
+---------------------------+--------------+-------------------------+---------------------+------------------------------------+
; Module Name               ; Elapsed Time ; Average Processors Used ; Peak Virtual Memory ; Total CPU Time (on all processors) ;
+---------------------------+--------------+-------------------------+---------------------+------------------------------------+
; Analysis & Synthesis      ; 00:00:01     ; 1.0                     ; 320 MB              ; 00:00:01                           ;
; Fitter                    ; 00:00:04     ; 1.0                     ; 414 MB              ; 00:00:05                           ;
; Assembler                 ; 00:00:00     ; 1.0                     ; 292 MB              ; 00:00:01                           ;
; TimeQuest Timing Analyzer ; 00:00:02     ; 1.0                     ; 319 MB              ; 00:00:02                           ;
; EDA Netlist Writer        ; 00:00:01     ; 1.0                     ; 259 MB              ; 00:00:01                           ;
; Total                     ; 00:00:08     ; --                      ; --                  ; 00:00:10                           ;
+---------------------------+--------------+-------------------------+---------------------+------------------------------------+


+--------------------------------------------------------------------------------------------+
; Flow OS Summary                                                                            ;
+---------------------------+------------------+---------------+------------+----------------+
; Module Name               ; Machine Hostname ; OS Name       ; OS Version ; Processor type ;
+---------------------------+------------------+---------------+------------+----------------+
; Analysis & Synthesis      ; pcpx             ; Windows Vista ; 6.2        ; x86_64         ;
; Fitter                    ; pcpx             ; Windows Vista ; 6.2        ; x86_64         ;
; Assembler                 ; pcpx             ; Windows Vista ; 6.2        ; x86_64         ;
; TimeQuest Timing Analyzer ; pcpx             ; Windows Vista ; 6.2        ; x86_64         ;
; EDA Netlist Writer        ; pcpx             ; Windows Vista ; 6.2        ; x86_64         ;
+---------------------------+------------------+---------------+------------+----------------+


------------
; Flow Log ;
------------
quartus_map --read_settings_files=on --write_settings_files=off ram -c ram
quartus_fit --read_settings_files=off --write_settings_files=off ram -c ram
quartus_asm --read_settings_files=off --write_settings_files=off ram -c ram
quartus_sta ram -c ram
quartus_eda --read_settings_files=off --write_settings_files=off ram -c ram



